TestV3/proguard/seeds.txt
com.sharefile.testv3.FullscreenActivity
com.sharefile.testv3.FullscreenActivity: FullscreenActivity()
com.sharefile.testv3.R$attr: int metaButtonBarButtonStyle
com.sharefile.testv3.R$attr: int metaButtonBarStyle
com.sharefile.testv3.R$color: int black_overlay
com.sharefile.testv3.R$drawable: int ic_launcher
com.sharefile.testv3.R$id: int button1
com.sharefile.testv3.R$layout: int activity_fullscreen
com.sharefile.testv3.R$string: int app_name
com.sharefile.testv3.R$string: int dummy_button
com.sharefile.testv3.R$string: int dummy_content
com.sharefile.testv3.R$style: int AppBaseTheme
com.sharefile.testv3.R$style: int AppTheme
com.sharefile.testv3.R$style: int ButtonBar
com.sharefile.testv3.R$style: int ButtonBarButton
com.sharefile.testv3.R$style: int FullscreenActionBarStyle
com.sharefile.testv3.R$style: int FullscreenTheme
com.sharefile.testv3.R$styleable: int[] ButtonBarContainerTheme
com.sharefile.testv3.R$styleable: int ButtonBarContainerTheme_metaButtonBarButtonStyle
com.sharefile.testv3.R$styleable: int ButtonBarContainerTheme_metaButtonBarStyle
...
android.support.v4.widget.DrawerLayout$LayoutParams
android.support.v4.widget.DrawerLayout$LayoutParams: DrawerLayout$LayoutParams(android.content.Context,android.util.AttributeSet)
android.support.v4.widget.DrawerLayout$SavedState
android.support.v4.widget.DrawerLayout$SavedState: android.os.Parcelable$Creator CREATOR
android.support.v4.widget.SlidingPaneLayout
android.support.v4.widget.SlidingPaneLayout: SlidingPaneLayout(android.content.Context,android.util.AttributeSet)
android.support.v4.widget.SlidingPaneLayout: SlidingPaneLayout(android.content.Context,android.util.AttributeSet,int)
android.support.v4.widget.SlidingPaneLayout: void setParallaxDistance(int)
android.support.v4.widget.SlidingPaneLayout: int getParallaxDistance()
android.support.v4.widget.SlidingPaneLayout: void setSliderFadeColor(int)
android.support.v4.widget.SlidingPaneLayout: int getSliderFadeColor()
android.support.v4.widget.SlidingPaneLayout: void setCoveredFadeColor(int)
android.support.v4.widget.SlidingPaneLayout: int getCoveredFadeColor()
android.support.v4.widget.SlidingPaneLayout: void setPanelSlideListener(android.support.v4.widget.SlidingPaneLayout$PanelSlideListener)
android.support.v4.widget.SlidingPaneLayout: void setShadowDrawable(android.graphics.drawable.Drawable)
android.support.v4.widget.SlidingPaneLayout: void setShadowResource(int)
android.support.v4.widget.SlidingPaneLayout$LayoutParams
android.support.v4.widget.SlidingPaneLayout$LayoutParams: SlidingPaneLayout$LayoutParams(android.content.Context,android.util.AttributeSet)
android.support.v4.widget.SlidingPaneLayout$SavedState
android.support.v4.widget.SlidingPaneLayout$SavedState: android.os.Parcelable$Creator CREATOR
com.google.gson.FieldNamingPolicy: com.google.gson.FieldNamingPolicy[] values()
com.google.gson.FieldNamingPolicy: com.google.gson.FieldNamingPolicy valueOf(java.lang.String)
com.google.gson.LongSerializationPolicy: com.google.gson.LongSerializationPolicy[] values()
com.google.gson.LongSerializationPolicy: com.google.gson.LongSerializationPolicy valueOf(java.lang.String)
com.google.gson.stream.JsonToken: com.google.gson.stream.JsonToken[] values()
com.google.gson.stream.JsonToken: com.google.gson.stream.JsonToken valueOf(java.lang.String)
com.sharefile.api.android.utils.SFLog$Level: com.sharefile.api.android.utils.SFLog$Level[] values()
com.sharefile.api.android.utils.SFLog$Level: com.sharefile.api.android.utils.SFLog$Level valueOf(java.lang.String)
com.sharefile.api.enumerations.SFAccessControlFilter: com.sharefile.api.enumerations.SFAccessControlFilter[] values()
com.sharefile.api.enumerations.SFAccessControlFilter: com.sharefile.api.enumerations.SFAccessControlFilter valueOf(java.lang.String)
com.sharefile.api.enumerations.SFAsyncOperationState: com.sharefile.api.enumerations.SFAsyncOperationState[] values()
com.sharefile.api.enumerations.SFAsyncOperationState: com.sharefile.api.enumerations.SFAsyncOperationState valueOf(java.lang.String)
com.sharefile.api.enumerations.SFAsyncOperationType: com.sharefile.api.enumerations.SFAsyncOperationType[] values()
com.sharefile.api.enumerations.SFAsyncOperationType: com.sharefile.api.enumerations.SFAsyncOperationType valueOf(java.lang.String)
com.sharefile.api.enumerations.SFCapabilityName: com.sharefile.api.enumerations.SFCapabilityName[] values()
com.sharefile.api.enumerations.SFCapabilityName: com.sharefile.api.enumerations.SFCapabilityName valueOf(java.lang.String)
com.sharefile.api.enumerations.SFDeviceActionInitiatorRole: com.sharefile.api.enumerations.SFDeviceActionInitiatorRole[] values()
com.sharefile.api.enumerations.SFDeviceActionInitiatorRole: com.sharefile.api.enumerations.SFDeviceActionInitiatorRole valueOf(java.lang.String)
com.sharefile.api.enumerations.SFDeviceLogEntryAction: com.sharefile.api.enumerations.SFDeviceLogEntryAction[] values()
com.sharefile.api.enumerations.SFDeviceLogEntryAction: com.sharefile.api.enumerations.SFDeviceLogEntryAction valueOf(java.lang.String)