TestV3/proguard/mapping.txt
com.sharefile.testv3.Dog -> com.sharefile.testv3.a:
    java.lang.String name -> a
    int height -> b
    java.lang.String color -> c
    java.lang.String toString() -> toString
com.sharefile.testv3.FullscreenActivity -> com.sharefile.testv3.FullscreenActivity:
    com.sharefile.api.authentication.SFOAuth2Token mOAuthToken -> a
    void onCreate(android.os.Bundle) -> onCreate
com.sharefile.testv3.FullscreenActivity$1 -> com.sharefile.testv3.b:
    com.sharefile.testv3.FullscreenActivity this$0 -> a
    void onClick(android.view.View) -> onClick
...
android.support.v4.app.FragmentActivity$1 -> android.support.v4.app.h:
    android.support.v4.app.FragmentActivity this$0 -> a
    void handleMessage(android.os.Message) -> handleMessage
android.support.v4.app.FragmentActivity$2 -> android.support.v4.app.i:
    android.support.v4.app.FragmentActivity this$0 -> a
    android.view.View findViewById(int) -> a
android.support.v4.app.FragmentActivity$FragmentTag -> android.support.v4.app.j:
    int[] Fragment -> a
android.support.v4.app.FragmentActivity$NonConfigurationInstances -> android.support.v4.app.k:
    java.lang.Object activity -> a
    java.lang.Object custom -> b
    android.support.v4.util.SimpleArrayMap children -> c
    java.util.ArrayList fragments -> d
    android.support.v4.util.SimpleArrayMap loaders -> e
android.support.v4.app.FragmentContainer -> android.support.v4.app.l:
    android.view.View findViewById(int) -> a
android.support.v4.app.FragmentManager -> android.support.v4.app.m:
    android.support.v4.app.FragmentTransaction beginTransaction() -> a
    boolean executePendingTransactions() -> b
    android.support.v4.app.Fragment findFragmentByTag(java.lang.String) -> a
android.support.v4.app.FragmentManager$OnBackStackChangedListener -> android.support.v4.app.n:
    void onBackStackChanged() -> a
android.support.v4.app.FragmentManagerImpl -> android.support.v4.app.o:
    boolean DEBUG -> a
    boolean HONEYCOMB -> b
    java.util.ArrayList mPendingActions -> c
    java.lang.Runnable[] mTmpActions -> d
    boolean mExecutingActions -> e
    java.util.ArrayList mActive -> f
    java.util.ArrayList mAdded -> g
    java.util.ArrayList mAvailIndices -> h
    java.util.ArrayList mBackStack -> i
    java.util.ArrayList mCreatedMenus -> j
    java.util.ArrayList mBackStackIndices -> k
    java.util.ArrayList mAvailBackStackIndices -> l
    java.util.ArrayList mBackStackChangeListeners -> m
    int mCurState -> n
    android.support.v4.app.FragmentActivity mActivity -> o
    android.support.v4.app.FragmentContainer mContainer -> p
    android.support.v4.app.Fragment mParent -> q
    boolean mNeedMenuInvalidate -> r
    boolean mStateSaved -> s
    boolean mDestroyed -> t
    java.lang.String mNoTransactionsBecause -> u
    boolean mHavePendingDeferredStart -> v
    android.os.Bundle mStateBundle -> w
    android.util.SparseArray mStateArray -> x
    java.lang.Runnable mExecCommit -> y
    android.view.animation.Interpolator DECELERATE_QUINT -> z
    android.view.animation.Interpolator DECELERATE_CUBIC -> A
    android.view.animation.Interpolator ACCELERATE_QUINT -> B
    android.view.animation.Interpolator ACCELERATE_CUBIC -> C
    void throwException(java.lang.RuntimeException) -> a
    android.support.v4.app.FragmentTransaction beginTransaction() -> a
android.support.v4.app.FragmentManagerImpl$1 -> android.support.v4.app.p:
    android.support.v4.app.FragmentManagerImpl this$0 -> a
    void run() -> run
android.support.v4.app.FragmentManagerImpl$5 -> android.support.v4.app.q:
    android.support.v4.app.Fragment val$fragment -> a
    android.support.v4.app.FragmentManagerImpl this$0 -> b
    void onAnimationEnd(android.view.animation.Animation) -> onAnimationEnd
    void onAnimationRepeat(android.view.animation.Animation) -> onAnimationRepeat
    void onAnimationStart(android.view.animation.Animation) -> onAnimationStart
android.support.v4.app.FragmentManagerState -> android.support.v4.app.FragmentManagerState:
    android.support.v4.app.FragmentState[] mActive -> a
    int[] mAdded -> b
    android.support.v4.app.BackStackState[] mBackStack -> c
    android.os.Parcelable$Creator CREATOR -> CREATOR
    int describeContents() -> describeContents
    void writeToParcel(android.os.Parcel,int) -> writeToParcel